<?xml version="1.0" encoding="UTF-8"?>
<testng-results ignored="1" total="15" passed="14" failed="0" skipped="0">
  <reporter-output>
  </reporter-output>
  <suite started-at="2024-09-27T07:18:03 UTC" name="Page Object test example" finished-at="2024-09-27T07:19:24 UTC" duration-ms="80892">
    <groups>
    </groups>
    <test started-at="2024-09-27T07:18:03 UTC" name="test-1" finished-at="2024-09-27T07:19:24 UTC" duration-ms="80892">
      <class name="com.Web_Order.test.WebOrder_CreateOrder_Test">
        <test-method is-config="true" signature="SetUp(java.lang.String)[pri:0, instance:com.Web_Order.test.WebOrder_CreateOrder_Test@7b98f307]" started-at="2024-09-27T07:18:03 UTC" name="SetUp" finished-at="2024-09-27T07:18:03 UTC" duration-ms="330" status="PASS">
          <params>
            <param index="0">
              <value>
                <![CDATA[chrome]]>
              </value>
            </param>
          </params>
          <reporter-output>
          </reporter-output>
        </test-method> <!-- SetUp -->
        <test-method is-config="true" signature="initializeTestBaseSetup(java.lang.String,java.lang.String)[pri:0, instance:com.Web_Order.test.WebOrder_CreateOrder_Test@7b98f307]" started-at="2024-09-27T07:18:03 UTC" name="initializeTestBaseSetup" finished-at="2024-09-27T07:18:05 UTC" duration-ms="1920" status="PASS">
          <params>
            <param index="0">
              <value>
                <![CDATA[chrome]]>
              </value>
            </param>
            <param index="1">
              <value>
                <![CDATA[http://secure.smartbearsoftware.com/samples/TestComplete11/WebOrders/Login.aspx?ReturnUrl=%2fsamples%2fTestComplete11%2fWebOrders%2fDefault.aspx]]>
              </value>
            </param>
          </params>
          <reporter-output>
          </reporter-output>
        </test-method> <!-- initializeTestBaseSetup -->
        <test-method is-config="true" signature="setUp()[pri:0, instance:com.Web_Order.test.WebOrder_CreateOrder_Test@7b98f307]" started-at="2024-09-27T07:18:05 UTC" name="setUp" finished-at="2024-09-27T07:18:05 UTC" duration-ms="30" status="PASS">
          <reporter-output>
          </reporter-output>
        </test-method> <!-- setUp -->
        <test-method signature="createAndVerifyOrder(java.lang.String,java.lang.String,java.lang.String,java.lang.String,java.lang.String,java.lang.String,java.lang.String,java.lang.String,java.lang.String,java.lang.String,java.lang.String)[pri:2, instance:com.Web_Order.test.WebOrder_CreateOrder_Test@7b98f307]" started-at="2024-09-27T07:18:06 UTC" name="createAndVerifyOrder" description="create and verify new Orders" data-provider="OrdersExcelData" finished-at="2024-09-27T07:18:12 UTC" duration-ms="6738" status="PASS">
          <params>
            <param index="0">
              <value>
                <![CDATA[MyMoney]]>
              </value>
            </param>
            <param index="1">
              <value>
                <![CDATA[1]]>
              </value>
            </param>
            <param index="2">
              <value>
                <![CDATA[Vineet]]>
              </value>
            </param>
            <param index="3">
              <value>
                <![CDATA[123 main St]]>
              </value>
            </param>
            <param index="4">
              <value>
                <![CDATA[Dallas]]>
              </value>
            </param>
            <param index="5">
              <value>
                <![CDATA[ABC]]>
              </value>
            </param>
            <param index="6">
              <value>
                <![CDATA[10101]]>
              </value>
            </param>
            <param index="7">
              <value>
                <![CDATA[Visa]]>
              </value>
            </param>
            <param index="8">
              <value>
                <![CDATA[231232]]>
              </value>
            </param>
            <param index="9">
              <value>
                <![CDATA[12/29]]>
              </value>
            </param>
            <param index="10">
              <value>
                <![CDATA[success]]>
              </value>
            </param>
          </params>
          <reporter-output>
          </reporter-output>
        </test-method> <!-- createAndVerifyOrder -->
        <test-method is-config="true" signature="takeScreenshot(org.testng.ITestResult)[pri:0, instance:com.Web_Order.test.WebOrder_CreateOrder_Test@7b98f307]" started-at="2024-09-27T07:18:12 UTC" name="takeScreenshot" finished-at="2024-09-27T07:18:12 UTC" duration-ms="10" status="PASS">
          <params>
            <param index="0">
              <value>
                <![CDATA[[TestResult name=createAndVerifyOrder status=SUCCESS method=WebOrder_CreateOrder_Test.createAndVerifyOrder(java.lang.String,java.lang.String,java.lang.String,java.lang.String,java.lang.String,java.lang.String,java.lang.String,java.lang.String,java.lang.String,java.lang.String,java.lang.String)[pri:2, instance:com.Web_Order.test.WebOrder_CreateOrder_Test@7b98f307] output={null}]]]>
              </value>
            </param>
          </params>
          <reporter-output>
          </reporter-output>
        </test-method> <!-- takeScreenshot -->
        <test-method signature="createAndVerifyOrder(java.lang.String,java.lang.String,java.lang.String,java.lang.String,java.lang.String,java.lang.String,java.lang.String,java.lang.String,java.lang.String,java.lang.String,java.lang.String)[pri:2, instance:com.Web_Order.test.WebOrder_CreateOrder_Test@7b98f307]" started-at="2024-09-27T07:18:12 UTC" name="createAndVerifyOrder" description="create and verify new Orders" data-provider="OrdersExcelData" finished-at="2024-09-27T07:18:18 UTC" duration-ms="5991" status="PASS">
          <params>
            <param index="0">
              <value>
                <![CDATA[ScreenSaver]]>
              </value>
            </param>
            <param index="1">
              <value>
                <![CDATA[34]]>
              </value>
            </param>
            <param index="2">
              <value>
                <![CDATA[Vineet2]]>
              </value>
            </param>
            <param index="3">
              <value>
                <![CDATA[123 main St]]>
              </value>
            </param>
            <param index="4">
              <value>
                <![CDATA[NY City]]>
              </value>
            </param>
            <param index="5">
              <value>
                <![CDATA[ABC]]>
              </value>
            </param>
            <param index="6">
              <value>
                <![CDATA[90909]]>
              </value>
            </param>
            <param index="7">
              <value>
                <![CDATA[Visa]]>
              </value>
            </param>
            <param index="8">
              <value>
                <![CDATA[231232]]>
              </value>
            </param>
            <param index="9">
              <value>
                <![CDATA[12/29]]>
              </value>
            </param>
            <param index="10">
              <value>
                <![CDATA[success]]>
              </value>
            </param>
          </params>
          <reporter-output>
          </reporter-output>
        </test-method> <!-- createAndVerifyOrder -->
        <test-method signature="createAndVerifyOrder(java.lang.String,java.lang.String,java.lang.String,java.lang.String,java.lang.String,java.lang.String,java.lang.String,java.lang.String,java.lang.String,java.lang.String,java.lang.String)[pri:2, instance:com.Web_Order.test.WebOrder_CreateOrder_Test@7b98f307]" started-at="2024-09-27T07:18:18 UTC" name="createAndVerifyOrder" description="create and verify new Orders" data-provider="OrdersExcelData" finished-at="2024-09-27T07:18:33 UTC" duration-ms="14539" status="PASS">
          <params>
            <param index="0">
              <value>
                <![CDATA[MyMoney]]>
              </value>
            </param>
            <param index="1">
              <value>
                <![CDATA[]]>
              </value>
            </param>
            <param index="2">
              <value>
                <![CDATA[Vineet]]>
              </value>
            </param>
            <param index="3">
              <value>
                <![CDATA[123 main St]]>
              </value>
            </param>
            <param index="4">
              <value>
                <![CDATA[Dallas]]>
              </value>
            </param>
            <param index="5">
              <value>
                <![CDATA[ABC]]>
              </value>
            </param>
            <param index="6">
              <value>
                <![CDATA[10101]]>
              </value>
            </param>
            <param index="7">
              <value>
                <![CDATA[Visa]]>
              </value>
            </param>
            <param index="8">
              <value>
                <![CDATA[231232]]>
              </value>
            </param>
            <param index="9">
              <value>
                <![CDATA[12/29]]>
              </value>
            </param>
            <param index="10">
              <value>
                <![CDATA[empty_quantity]]>
              </value>
            </param>
          </params>
          <reporter-output>
          </reporter-output>
        </test-method> <!-- createAndVerifyOrder -->
        <test-method is-config="true" signature="takeScreenshot(org.testng.ITestResult)[pri:0, instance:com.Web_Order.test.WebOrder_CreateOrder_Test@7b98f307]" started-at="2024-09-27T07:18:18 UTC" name="takeScreenshot" finished-at="2024-09-27T07:18:18 UTC" duration-ms="0" status="PASS">
          <params>
            <param index="0">
              <value>
                <![CDATA[[TestResult name=createAndVerifyOrder status=SUCCESS method=WebOrder_CreateOrder_Test.createAndVerifyOrder(java.lang.String,java.lang.String,java.lang.String,java.lang.String,java.lang.String,java.lang.String,java.lang.String,java.lang.String,java.lang.String,java.lang.String,java.lang.String)[pri:2, instance:com.Web_Order.test.WebOrder_CreateOrder_Test@7b98f307] output={null}]]]>
              </value>
            </param>
          </params>
          <reporter-output>
          </reporter-output>
        </test-method> <!-- takeScreenshot -->
        <test-method is-config="true" signature="takeScreenshot(org.testng.ITestResult)[pri:0, instance:com.Web_Order.test.WebOrder_CreateOrder_Test@7b98f307]" started-at="2024-09-27T07:18:33 UTC" name="takeScreenshot" finished-at="2024-09-27T07:18:33 UTC" duration-ms="2" status="PASS">
          <params>
            <param index="0">
              <value>
                <![CDATA[[TestResult name=createAndVerifyOrder status=SUCCESS method=WebOrder_CreateOrder_Test.createAndVerifyOrder(java.lang.String,java.lang.String,java.lang.String,java.lang.String,java.lang.String,java.lang.String,java.lang.String,java.lang.String,java.lang.String,java.lang.String,java.lang.String)[pri:2, instance:com.Web_Order.test.WebOrder_CreateOrder_Test@7b98f307] output={null}]]]>
              </value>
            </param>
          </params>
          <reporter-output>
          </reporter-output>
        </test-method> <!-- takeScreenshot -->
        <test-method signature="createAndVerifyOrder(java.lang.String,java.lang.String,java.lang.String,java.lang.String,java.lang.String,java.lang.String,java.lang.String,java.lang.String,java.lang.String,java.lang.String,java.lang.String)[pri:2, instance:com.Web_Order.test.WebOrder_CreateOrder_Test@7b98f307]" started-at="2024-09-27T07:18:33 UTC" name="createAndVerifyOrder" description="create and verify new Orders" data-provider="OrdersExcelData" finished-at="2024-09-27T07:18:38 UTC" duration-ms="4665" status="PASS">
          <params>
            <param index="0">
              <value>
                <![CDATA[ScreenSaver]]>
              </value>
            </param>
            <param index="1">
              <value>
                <![CDATA[0]]>
              </value>
            </param>
            <param index="2">
              <value>
                <![CDATA[Vineet2]]>
              </value>
            </param>
            <param index="3">
              <value>
                <![CDATA[123 main St]]>
              </value>
            </param>
            <param index="4">
              <value>
                <![CDATA[NY City]]>
              </value>
            </param>
            <param index="5">
              <value>
                <![CDATA[ABC]]>
              </value>
            </param>
            <param index="6">
              <value>
                <![CDATA[90909]]>
              </value>
            </param>
            <param index="7">
              <value>
                <![CDATA[Visa]]>
              </value>
            </param>
            <param index="8">
              <value>
                <![CDATA[231232]]>
              </value>
            </param>
            <param index="9">
              <value>
                <![CDATA[12/29]]>
              </value>
            </param>
            <param index="10">
              <value>
                <![CDATA[invalid_quantity]]>
              </value>
            </param>
          </params>
          <reporter-output>
          </reporter-output>
        </test-method> <!-- createAndVerifyOrder -->
        <test-method is-config="true" signature="takeScreenshot(org.testng.ITestResult)[pri:0, instance:com.Web_Order.test.WebOrder_CreateOrder_Test@7b98f307]" started-at="2024-09-27T07:18:38 UTC" name="takeScreenshot" finished-at="2024-09-27T07:18:38 UTC" duration-ms="0" status="PASS">
          <params>
            <param index="0">
              <value>
                <![CDATA[[TestResult name=createAndVerifyOrder status=SUCCESS method=WebOrder_CreateOrder_Test.createAndVerifyOrder(java.lang.String,java.lang.String,java.lang.String,java.lang.String,java.lang.String,java.lang.String,java.lang.String,java.lang.String,java.lang.String,java.lang.String,java.lang.String)[pri:2, instance:com.Web_Order.test.WebOrder_CreateOrder_Test@7b98f307] output={null}]]]>
              </value>
            </param>
          </params>
          <reporter-output>
          </reporter-output>
        </test-method> <!-- takeScreenshot -->
        <test-method signature="createAndVerifyOrder(java.lang.String,java.lang.String,java.lang.String,java.lang.String,java.lang.String,java.lang.String,java.lang.String,java.lang.String,java.lang.String,java.lang.String,java.lang.String)[pri:2, instance:com.Web_Order.test.WebOrder_CreateOrder_Test@7b98f307]" started-at="2024-09-27T07:18:38 UTC" name="createAndVerifyOrder" description="create and verify new Orders" data-provider="OrdersExcelData" finished-at="2024-09-27T07:18:42 UTC" duration-ms="4406" status="PASS">
          <params>
            <param index="0">
              <value>
                <![CDATA[MyMoney]]>
              </value>
            </param>
            <param index="1">
              <value>
                <![CDATA[1]]>
              </value>
            </param>
            <param index="2">
              <value>
                <![CDATA[ ]]>
              </value>
            </param>
            <param index="3">
              <value>
                <![CDATA[123 main St]]>
              </value>
            </param>
            <param index="4">
              <value>
                <![CDATA[Dallas]]>
              </value>
            </param>
            <param index="5">
              <value>
                <![CDATA[ABC]]>
              </value>
            </param>
            <param index="6">
              <value>
                <![CDATA[10101]]>
              </value>
            </param>
            <param index="7">
              <value>
                <![CDATA[Visa]]>
              </value>
            </param>
            <param index="8">
              <value>
                <![CDATA[231232]]>
              </value>
            </param>
            <param index="9">
              <value>
                <![CDATA[12/29]]>
              </value>
            </param>
            <param index="10">
              <value>
                <![CDATA[empty_name]]>
              </value>
            </param>
          </params>
          <reporter-output>
          </reporter-output>
        </test-method> <!-- createAndVerifyOrder -->
        <test-method is-config="true" signature="takeScreenshot(org.testng.ITestResult)[pri:0, instance:com.Web_Order.test.WebOrder_CreateOrder_Test@7b98f307]" started-at="2024-09-27T07:18:42 UTC" name="takeScreenshot" finished-at="2024-09-27T07:18:42 UTC" duration-ms="1" status="PASS">
          <params>
            <param index="0">
              <value>
                <![CDATA[[TestResult name=createAndVerifyOrder status=SUCCESS method=WebOrder_CreateOrder_Test.createAndVerifyOrder(java.lang.String,java.lang.String,java.lang.String,java.lang.String,java.lang.String,java.lang.String,java.lang.String,java.lang.String,java.lang.String,java.lang.String,java.lang.String)[pri:2, instance:com.Web_Order.test.WebOrder_CreateOrder_Test@7b98f307] output={null}]]]>
              </value>
            </param>
          </params>
          <reporter-output>
          </reporter-output>
        </test-method> <!-- takeScreenshot -->
        <test-method signature="createAndVerifyOrder(java.lang.String,java.lang.String,java.lang.String,java.lang.String,java.lang.String,java.lang.String,java.lang.String,java.lang.String,java.lang.String,java.lang.String,java.lang.String)[pri:2, instance:com.Web_Order.test.WebOrder_CreateOrder_Test@7b98f307]" started-at="2024-09-27T07:18:42 UTC" name="createAndVerifyOrder" description="create and verify new Orders" data-provider="OrdersExcelData" finished-at="2024-09-27T07:18:46 UTC" duration-ms="4382" status="PASS">
          <params>
            <param index="0">
              <value>
                <![CDATA[MyMoney]]>
              </value>
            </param>
            <param index="1">
              <value>
                <![CDATA[1]]>
              </value>
            </param>
            <param index="2">
              <value>
                <![CDATA[Vineet]]>
              </value>
            </param>
            <param index="3">
              <value>
                <![CDATA[ ]]>
              </value>
            </param>
            <param index="4">
              <value>
                <![CDATA[Dallas]]>
              </value>
            </param>
            <param index="5">
              <value>
                <![CDATA[ABC]]>
              </value>
            </param>
            <param index="6">
              <value>
                <![CDATA[10101]]>
              </value>
            </param>
            <param index="7">
              <value>
                <![CDATA[Visa]]>
              </value>
            </param>
            <param index="8">
              <value>
                <![CDATA[231232]]>
              </value>
            </param>
            <param index="9">
              <value>
                <![CDATA[12/29]]>
              </value>
            </param>
            <param index="10">
              <value>
                <![CDATA[empty_street]]>
              </value>
            </param>
          </params>
          <reporter-output>
          </reporter-output>
        </test-method> <!-- createAndVerifyOrder -->
        <test-method signature="createAndVerifyOrder(java.lang.String,java.lang.String,java.lang.String,java.lang.String,java.lang.String,java.lang.String,java.lang.String,java.lang.String,java.lang.String,java.lang.String,java.lang.String)[pri:2, instance:com.Web_Order.test.WebOrder_CreateOrder_Test@7b98f307]" started-at="2024-09-27T07:18:46 UTC" name="createAndVerifyOrder" description="create and verify new Orders" data-provider="OrdersExcelData" finished-at="2024-09-27T07:18:51 UTC" duration-ms="4648" status="PASS">
          <params>
            <param index="0">
              <value>
                <![CDATA[ScreenSaver]]>
              </value>
            </param>
            <param index="1">
              <value>
                <![CDATA[34]]>
              </value>
            </param>
            <param index="2">
              <value>
                <![CDATA[Vineet2]]>
              </value>
            </param>
            <param index="3">
              <value>
                <![CDATA[123 main St]]>
              </value>
            </param>
            <param index="4">
              <value>
                <![CDATA[ ]]>
              </value>
            </param>
            <param index="5">
              <value>
                <![CDATA[ABC]]>
              </value>
            </param>
            <param index="6">
              <value>
                <![CDATA[90909]]>
              </value>
            </param>
            <param index="7">
              <value>
                <![CDATA[Visa]]>
              </value>
            </param>
            <param index="8">
              <value>
                <![CDATA[231232]]>
              </value>
            </param>
            <param index="9">
              <value>
                <![CDATA[12/29]]>
              </value>
            </param>
            <param index="10">
              <value>
                <![CDATA[empty_city]]>
              </value>
            </param>
          </params>
          <reporter-output>
          </reporter-output>
        </test-method> <!-- createAndVerifyOrder -->
        <test-method is-config="true" signature="takeScreenshot(org.testng.ITestResult)[pri:0, instance:com.Web_Order.test.WebOrder_CreateOrder_Test@7b98f307]" started-at="2024-09-27T07:18:46 UTC" name="takeScreenshot" finished-at="2024-09-27T07:18:46 UTC" duration-ms="0" status="PASS">
          <params>
            <param index="0">
              <value>
                <![CDATA[[TestResult name=createAndVerifyOrder status=SUCCESS method=WebOrder_CreateOrder_Test.createAndVerifyOrder(java.lang.String,java.lang.String,java.lang.String,java.lang.String,java.lang.String,java.lang.String,java.lang.String,java.lang.String,java.lang.String,java.lang.String,java.lang.String)[pri:2, instance:com.Web_Order.test.WebOrder_CreateOrder_Test@7b98f307] output={null}]]]>
              </value>
            </param>
          </params>
          <reporter-output>
          </reporter-output>
        </test-method> <!-- takeScreenshot -->
        <test-method is-config="true" signature="takeScreenshot(org.testng.ITestResult)[pri:0, instance:com.Web_Order.test.WebOrder_CreateOrder_Test@7b98f307]" started-at="2024-09-27T07:18:51 UTC" name="takeScreenshot" finished-at="2024-09-27T07:18:51 UTC" duration-ms="0" status="PASS">
          <params>
            <param index="0">
              <value>
                <![CDATA[[TestResult name=createAndVerifyOrder status=SUCCESS method=WebOrder_CreateOrder_Test.createAndVerifyOrder(java.lang.String,java.lang.String,java.lang.String,java.lang.String,java.lang.String,java.lang.String,java.lang.String,java.lang.String,java.lang.String,java.lang.String,java.lang.String)[pri:2, instance:com.Web_Order.test.WebOrder_CreateOrder_Test@7b98f307] output={null}]]]>
              </value>
            </param>
          </params>
          <reporter-output>
          </reporter-output>
        </test-method> <!-- takeScreenshot -->
        <test-method signature="createAndVerifyOrder(java.lang.String,java.lang.String,java.lang.String,java.lang.String,java.lang.String,java.lang.String,java.lang.String,java.lang.String,java.lang.String,java.lang.String,java.lang.String)[pri:2, instance:com.Web_Order.test.WebOrder_CreateOrder_Test@7b98f307]" started-at="2024-09-27T07:18:51 UTC" name="createAndVerifyOrder" description="create and verify new Orders" data-provider="OrdersExcelData" finished-at="2024-09-27T07:18:56 UTC" duration-ms="4581" status="PASS">
          <params>
            <param index="0">
              <value>
                <![CDATA[MyMoney]]>
              </value>
            </param>
            <param index="1">
              <value>
                <![CDATA[1]]>
              </value>
            </param>
            <param index="2">
              <value>
                <![CDATA[Vineet]]>
              </value>
            </param>
            <param index="3">
              <value>
                <![CDATA[123 main St]]>
              </value>
            </param>
            <param index="4">
              <value>
                <![CDATA[Dallas]]>
              </value>
            </param>
            <param index="5">
              <value>
                <![CDATA[ABC]]>
              </value>
            </param>
            <param index="6">
              <value>
                <![CDATA[ ]]>
              </value>
            </param>
            <param index="7">
              <value>
                <![CDATA[Visa]]>
              </value>
            </param>
            <param index="8">
              <value>
                <![CDATA[231232]]>
              </value>
            </param>
            <param index="9">
              <value>
                <![CDATA[12/29]]>
              </value>
            </param>
            <param index="10">
              <value>
                <![CDATA[empty_zip]]>
              </value>
            </param>
          </params>
          <reporter-output>
          </reporter-output>
        </test-method> <!-- createAndVerifyOrder -->
        <test-method is-config="true" signature="takeScreenshot(org.testng.ITestResult)[pri:0, instance:com.Web_Order.test.WebOrder_CreateOrder_Test@7b98f307]" started-at="2024-09-27T07:18:56 UTC" name="takeScreenshot" finished-at="2024-09-27T07:18:56 UTC" duration-ms="0" status="PASS">
          <params>
            <param index="0">
              <value>
                <![CDATA[[TestResult name=createAndVerifyOrder status=SUCCESS method=WebOrder_CreateOrder_Test.createAndVerifyOrder(java.lang.String,java.lang.String,java.lang.String,java.lang.String,java.lang.String,java.lang.String,java.lang.String,java.lang.String,java.lang.String,java.lang.String,java.lang.String)[pri:2, instance:com.Web_Order.test.WebOrder_CreateOrder_Test@7b98f307] output={null}]]]>
              </value>
            </param>
          </params>
          <reporter-output>
          </reporter-output>
        </test-method> <!-- takeScreenshot -->
        <test-method signature="createAndVerifyOrder(java.lang.String,java.lang.String,java.lang.String,java.lang.String,java.lang.String,java.lang.String,java.lang.String,java.lang.String,java.lang.String,java.lang.String,java.lang.String)[pri:2, instance:com.Web_Order.test.WebOrder_CreateOrder_Test@7b98f307]" started-at="2024-09-27T07:18:56 UTC" name="createAndVerifyOrder" description="create and verify new Orders" data-provider="OrdersExcelData" finished-at="2024-09-27T07:19:00 UTC" duration-ms="4329" status="PASS">
          <params>
            <param index="0">
              <value>
                <![CDATA[ScreenSaver]]>
              </value>
            </param>
            <param index="1">
              <value>
                <![CDATA[34]]>
              </value>
            </param>
            <param index="2">
              <value>
                <![CDATA[Vineet2]]>
              </value>
            </param>
            <param index="3">
              <value>
                <![CDATA[123 main St]]>
              </value>
            </param>
            <param index="4">
              <value>
                <![CDATA[NY City]]>
              </value>
            </param>
            <param index="5">
              <value>
                <![CDATA[ABC]]>
              </value>
            </param>
            <param index="6">
              <value>
                <![CDATA[asdasds]]>
              </value>
            </param>
            <param index="7">
              <value>
                <![CDATA[Visa]]>
              </value>
            </param>
            <param index="8">
              <value>
                <![CDATA[231232]]>
              </value>
            </param>
            <param index="9">
              <value>
                <![CDATA[12/29]]>
              </value>
            </param>
            <param index="10">
              <value>
                <![CDATA[invalid_zip]]>
              </value>
            </param>
          </params>
          <reporter-output>
          </reporter-output>
        </test-method> <!-- createAndVerifyOrder -->
        <test-method signature="createAndVerifyOrder(java.lang.String,java.lang.String,java.lang.String,java.lang.String,java.lang.String,java.lang.String,java.lang.String,java.lang.String,java.lang.String,java.lang.String,java.lang.String)[pri:2, instance:com.Web_Order.test.WebOrder_CreateOrder_Test@7b98f307]" started-at="2024-09-27T07:19:00 UTC" name="createAndVerifyOrder" description="create and verify new Orders" data-provider="OrdersExcelData" finished-at="2024-09-27T07:19:04 UTC" duration-ms="4268" status="PASS">
          <params>
            <param index="0">
              <value>
                <![CDATA[MyMoney]]>
              </value>
            </param>
            <param index="1">
              <value>
                <![CDATA[1]]>
              </value>
            </param>
            <param index="2">
              <value>
                <![CDATA[Vineet]]>
              </value>
            </param>
            <param index="3">
              <value>
                <![CDATA[123 main St]]>
              </value>
            </param>
            <param index="4">
              <value>
                <![CDATA[Dallas]]>
              </value>
            </param>
            <param index="5">
              <value>
                <![CDATA[ABC]]>
              </value>
            </param>
            <param index="6">
              <value>
                <![CDATA[10101]]>
              </value>
            </param>
            <param index="7">
              <value>
                <![CDATA[Visa]]>
              </value>
            </param>
            <param index="8">
              <value>
                <![CDATA[ ]]>
              </value>
            </param>
            <param index="9">
              <value>
                <![CDATA[12/29]]>
              </value>
            </param>
            <param index="10">
              <value>
                <![CDATA[empty_cardnr]]>
              </value>
            </param>
          </params>
          <reporter-output>
          </reporter-output>
        </test-method> <!-- createAndVerifyOrder -->
        <test-method is-config="true" signature="takeScreenshot(org.testng.ITestResult)[pri:0, instance:com.Web_Order.test.WebOrder_CreateOrder_Test@7b98f307]" started-at="2024-09-27T07:19:00 UTC" name="takeScreenshot" finished-at="2024-09-27T07:19:00 UTC" duration-ms="0" status="PASS">
          <params>
            <param index="0">
              <value>
                <![CDATA[[TestResult name=createAndVerifyOrder status=SUCCESS method=WebOrder_CreateOrder_Test.createAndVerifyOrder(java.lang.String,java.lang.String,java.lang.String,java.lang.String,java.lang.String,java.lang.String,java.lang.String,java.lang.String,java.lang.String,java.lang.String,java.lang.String)[pri:2, instance:com.Web_Order.test.WebOrder_CreateOrder_Test@7b98f307] output={null}]]]>
              </value>
            </param>
          </params>
          <reporter-output>
          </reporter-output>
        </test-method> <!-- takeScreenshot -->
        <test-method signature="createAndVerifyOrder(java.lang.String,java.lang.String,java.lang.String,java.lang.String,java.lang.String,java.lang.String,java.lang.String,java.lang.String,java.lang.String,java.lang.String,java.lang.String)[pri:2, instance:com.Web_Order.test.WebOrder_CreateOrder_Test@7b98f307]" started-at="2024-09-27T07:19:04 UTC" name="createAndVerifyOrder" description="create and verify new Orders" data-provider="OrdersExcelData" finished-at="2024-09-27T07:19:09 UTC" duration-ms="4550" status="PASS">
          <params>
            <param index="0">
              <value>
                <![CDATA[ScreenSaver]]>
              </value>
            </param>
            <param index="1">
              <value>
                <![CDATA[34]]>
              </value>
            </param>
            <param index="2">
              <value>
                <![CDATA[Vineet2]]>
              </value>
            </param>
            <param index="3">
              <value>
                <![CDATA[123 main St]]>
              </value>
            </param>
            <param index="4">
              <value>
                <![CDATA[NY City]]>
              </value>
            </param>
            <param index="5">
              <value>
                <![CDATA[ABC]]>
              </value>
            </param>
            <param index="6">
              <value>
                <![CDATA[90909]]>
              </value>
            </param>
            <param index="7">
              <value>
                <![CDATA[Visa]]>
              </value>
            </param>
            <param index="8">
              <value>
                <![CDATA[dsadsadsada]]>
              </value>
            </param>
            <param index="9">
              <value>
                <![CDATA[12/29]]>
              </value>
            </param>
            <param index="10">
              <value>
                <![CDATA[invalid_cardnr]]>
              </value>
            </param>
          </params>
          <reporter-output>
          </reporter-output>
        </test-method> <!-- createAndVerifyOrder -->
        <test-method is-config="true" signature="takeScreenshot(org.testng.ITestResult)[pri:0, instance:com.Web_Order.test.WebOrder_CreateOrder_Test@7b98f307]" started-at="2024-09-27T07:19:04 UTC" name="takeScreenshot" finished-at="2024-09-27T07:19:04 UTC" duration-ms="0" status="PASS">
          <params>
            <param index="0">
              <value>
                <![CDATA[[TestResult name=createAndVerifyOrder status=SUCCESS method=WebOrder_CreateOrder_Test.createAndVerifyOrder(java.lang.String,java.lang.String,java.lang.String,java.lang.String,java.lang.String,java.lang.String,java.lang.String,java.lang.String,java.lang.String,java.lang.String,java.lang.String)[pri:2, instance:com.Web_Order.test.WebOrder_CreateOrder_Test@7b98f307] output={null}]]]>
              </value>
            </param>
          </params>
          <reporter-output>
          </reporter-output>
        </test-method> <!-- takeScreenshot -->
        <test-method is-config="true" signature="takeScreenshot(org.testng.ITestResult)[pri:0, instance:com.Web_Order.test.WebOrder_CreateOrder_Test@7b98f307]" started-at="2024-09-27T07:19:09 UTC" name="takeScreenshot" finished-at="2024-09-27T07:19:09 UTC" duration-ms="1" status="PASS">
          <params>
            <param index="0">
              <value>
                <![CDATA[[TestResult name=createAndVerifyOrder status=SUCCESS method=WebOrder_CreateOrder_Test.createAndVerifyOrder(java.lang.String,java.lang.String,java.lang.String,java.lang.String,java.lang.String,java.lang.String,java.lang.String,java.lang.String,java.lang.String,java.lang.String,java.lang.String)[pri:2, instance:com.Web_Order.test.WebOrder_CreateOrder_Test@7b98f307] output={null}]]]>
              </value>
            </param>
          </params>
          <reporter-output>
          </reporter-output>
        </test-method> <!-- takeScreenshot -->
        <test-method signature="createAndVerifyOrder(java.lang.String,java.lang.String,java.lang.String,java.lang.String,java.lang.String,java.lang.String,java.lang.String,java.lang.String,java.lang.String,java.lang.String,java.lang.String)[pri:2, instance:com.Web_Order.test.WebOrder_CreateOrder_Test@7b98f307]" started-at="2024-09-27T07:19:09 UTC" name="createAndVerifyOrder" description="create and verify new Orders" data-provider="OrdersExcelData" finished-at="2024-09-27T07:19:13 UTC" duration-ms="4424" status="PASS">
          <params>
            <param index="0">
              <value>
                <![CDATA[MyMoney]]>
              </value>
            </param>
            <param index="1">
              <value>
                <![CDATA[1]]>
              </value>
            </param>
            <param index="2">
              <value>
                <![CDATA[Vineet]]>
              </value>
            </param>
            <param index="3">
              <value>
                <![CDATA[123 main St]]>
              </value>
            </param>
            <param index="4">
              <value>
                <![CDATA[Dallas]]>
              </value>
            </param>
            <param index="5">
              <value>
                <![CDATA[ABC]]>
              </value>
            </param>
            <param index="6">
              <value>
                <![CDATA[10101]]>
              </value>
            </param>
            <param index="7">
              <value>
                <![CDATA[Visa]]>
              </value>
            </param>
            <param index="8">
              <value>
                <![CDATA[213213]]>
              </value>
            </param>
            <param index="9">
              <value>
                <![CDATA[ ]]>
              </value>
            </param>
            <param index="10">
              <value>
                <![CDATA[empty_expdate]]>
              </value>
            </param>
          </params>
          <reporter-output>
          </reporter-output>
        </test-method> <!-- createAndVerifyOrder -->
        <test-method is-config="true" signature="takeScreenshot(org.testng.ITestResult)[pri:0, instance:com.Web_Order.test.WebOrder_CreateOrder_Test@7b98f307]" started-at="2024-09-27T07:19:13 UTC" name="takeScreenshot" finished-at="2024-09-27T07:19:13 UTC" duration-ms="1" status="PASS">
          <params>
            <param index="0">
              <value>
                <![CDATA[[TestResult name=createAndVerifyOrder status=SUCCESS method=WebOrder_CreateOrder_Test.createAndVerifyOrder(java.lang.String,java.lang.String,java.lang.String,java.lang.String,java.lang.String,java.lang.String,java.lang.String,java.lang.String,java.lang.String,java.lang.String,java.lang.String)[pri:2, instance:com.Web_Order.test.WebOrder_CreateOrder_Test@7b98f307] output={null}]]]>
              </value>
            </param>
          </params>
          <reporter-output>
          </reporter-output>
        </test-method> <!-- takeScreenshot -->
        <test-method signature="createAndVerifyOrder(java.lang.String,java.lang.String,java.lang.String,java.lang.String,java.lang.String,java.lang.String,java.lang.String,java.lang.String,java.lang.String,java.lang.String,java.lang.String)[pri:2, instance:com.Web_Order.test.WebOrder_CreateOrder_Test@7b98f307]" started-at="2024-09-27T07:19:13 UTC" name="createAndVerifyOrder" description="create and verify new Orders" data-provider="OrdersExcelData" finished-at="2024-09-27T07:19:17 UTC" duration-ms="4161" status="PASS">
          <params>
            <param index="0">
              <value>
                <![CDATA[MyMoney]]>
              </value>
            </param>
            <param index="1">
              <value>
                <![CDATA[1]]>
              </value>
            </param>
            <param index="2">
              <value>
                <![CDATA[Vineet]]>
              </value>
            </param>
            <param index="3">
              <value>
                <![CDATA[123 main St]]>
              </value>
            </param>
            <param index="4">
              <value>
                <![CDATA[Dallas]]>
              </value>
            </param>
            <param index="5">
              <value>
                <![CDATA[ABC]]>
              </value>
            </param>
            <param index="6">
              <value>
                <![CDATA[10101]]>
              </value>
            </param>
            <param index="7">
              <value>
                <![CDATA[Visa]]>
              </value>
            </param>
            <param index="8">
              <value>
                <![CDATA[2132131]]>
              </value>
            </param>
            <param index="9">
              <value>
                <![CDATA[dsss]]>
              </value>
            </param>
            <param index="10">
              <value>
                <![CDATA[invalid_date]]>
              </value>
            </param>
          </params>
          <reporter-output>
          </reporter-output>
        </test-method> <!-- createAndVerifyOrder -->
        <test-method is-config="true" signature="takeScreenshot(org.testng.ITestResult)[pri:0, instance:com.Web_Order.test.WebOrder_CreateOrder_Test@7b98f307]" started-at="2024-09-27T07:19:17 UTC" name="takeScreenshot" finished-at="2024-09-27T07:19:17 UTC" duration-ms="0" status="PASS">
          <params>
            <param index="0">
              <value>
                <![CDATA[[TestResult name=createAndVerifyOrder status=SUCCESS method=WebOrder_CreateOrder_Test.createAndVerifyOrder(java.lang.String,java.lang.String,java.lang.String,java.lang.String,java.lang.String,java.lang.String,java.lang.String,java.lang.String,java.lang.String,java.lang.String,java.lang.String)[pri:2, instance:com.Web_Order.test.WebOrder_CreateOrder_Test@7b98f307] output={null}]]]>
              </value>
            </param>
          </params>
          <reporter-output>
          </reporter-output>
        </test-method> <!-- takeScreenshot -->
        <test-method signature="createAndVerifyOrder(java.lang.String,java.lang.String,java.lang.String,java.lang.String,java.lang.String,java.lang.String,java.lang.String,java.lang.String,java.lang.String,java.lang.String,java.lang.String)[pri:2, instance:com.Web_Order.test.WebOrder_CreateOrder_Test@7b98f307]" started-at="2024-09-27T07:19:17 UTC" name="createAndVerifyOrder" description="create and verify new Orders" data-provider="OrdersExcelData" finished-at="2024-09-27T07:19:22 UTC" duration-ms="4545" status="PASS">
          <params>
            <param index="0">
              <value>
                <![CDATA[ScreenSaver]]>
              </value>
            </param>
            <param index="1">
              <value>
                <![CDATA[34]]>
              </value>
            </param>
            <param index="2">
              <value>
                <![CDATA[Vineet2]]>
              </value>
            </param>
            <param index="3">
              <value>
                <![CDATA[123 main St]]>
              </value>
            </param>
            <param index="4">
              <value>
                <![CDATA[NY City]]>
              </value>
            </param>
            <param index="5">
              <value>
                <![CDATA[ABC]]>
              </value>
            </param>
            <param index="6">
              <value>
                <![CDATA[90909]]>
              </value>
            </param>
            <param index="7">
              <value>
                <![CDATA[Visa]]>
              </value>
            </param>
            <param index="8">
              <value>
                <![CDATA[123213123]]>
              </value>
            </param>
            <param index="9">
              <value>
                <![CDATA[12/29]]>
              </value>
            </param>
            <param index="10">
              <value>
                <![CDATA[invalid_date]]>
              </value>
            </param>
          </params>
          <reporter-output>
          </reporter-output>
        </test-method> <!-- createAndVerifyOrder -->
        <test-method is-config="true" signature="takeScreenshot(org.testng.ITestResult)[pri:0, instance:com.Web_Order.test.WebOrder_CreateOrder_Test@7b98f307]" started-at="2024-09-27T07:19:22 UTC" name="takeScreenshot" finished-at="2024-09-27T07:19:22 UTC" duration-ms="0" status="PASS">
          <params>
            <param index="0">
              <value>
                <![CDATA[[TestResult name=createAndVerifyOrder status=SUCCESS method=WebOrder_CreateOrder_Test.createAndVerifyOrder(java.lang.String,java.lang.String,java.lang.String,java.lang.String,java.lang.String,java.lang.String,java.lang.String,java.lang.String,java.lang.String,java.lang.String,java.lang.String)[pri:2, instance:com.Web_Order.test.WebOrder_CreateOrder_Test@7b98f307] output={null}]]]>
              </value>
            </param>
          </params>
          <reporter-output>
          </reporter-output>
        </test-method> <!-- takeScreenshot -->
        <test-method is-config="true" signature="tearDown()[pri:0, instance:com.Web_Order.test.WebOrder_CreateOrder_Test@7b98f307]" started-at="2024-09-27T07:19:22 UTC" name="tearDown" finished-at="2024-09-27T07:19:24 UTC" duration-ms="1966" status="PASS">
          <reporter-output>
          </reporter-output>
        </test-method> <!-- tearDown -->
      </class> <!-- com.Web_Order.test.WebOrder_CreateOrder_Test -->
    </test> <!-- test-1 -->
  </suite> <!-- Page Object test example -->
</testng-results>
